<?xml version="1.0" encoding="UTF-8"?>
<testsuite xmlns:xsi="http://www.w3.org/2001/XMLSchema-instance" xsi:noNamespaceSchemaLocation="https://maven.apache.org/surefire/maven-surefire-plugin/xsd/surefire-test-report.xsd" name="service.ServiceTest" time="0.412" tests="10" errors="0" skipped="0" failures="0">
  <properties>
[...]
</properties>
  <testcase name="testDeleteStudentWithGivenId" classname="service.ServiceTest" time="0.232"/>
  <testcase name="testSaveGradeNewGradeAdded" classname="service.ServiceTest" time="0.024"/>
  <testcase name="findAllStudents" classname="service.ServiceTest" time="0.009"/>
  <testcase name="testSaveGradeAlreadyExists" classname="service.ServiceTest" time="0.011"/>
  <testcase name="testDeleteStudentWithNullId" classname="service.ServiceTest" time="0.01"/>
  <testcase name="testUpdateHomeWorkValidWeeks{int}[1]" classname="service.ServiceTest" time="0.034"/>
  <testcase name="testUpdateHomeWorkValidWeeks{int}[2]" classname="service.ServiceTest" time="0.011"/>
  <testcase name="testUpdateHomeWorkValidWeeks{int}[3]" classname="service.ServiceTest" time="0.011"/>
  <testcase name="testUpdateHomeWorkValidWeeks{int}[4]" classname="service.ServiceTest" time="0.011"/>
  <testcase name="testUpdateHomeWorkValidWeeks{int}[5]" classname="service.ServiceTest" time="0.01"/>
</testsuite>